<?xml version="1.0" encoding="UTF-8"?>
<!-- Generated by org.testng.reporters.JUnitReportReporter -->
<testsuite hostname="IslamAbdAlazezPC" failures="0" tests="1" name="com.google.login.DoLogIn" time="14.063" errors="0" timestamp="16 Sep 2018 14:23:37 GMT" skipped="0">
  <testcase classname="com.google.login.DoLogIn" name="openURL" time="14.063"/>
</testsuite> <!-- com.google.login.DoLogIn -->
