<?xml version="1.0" encoding="UTF-8"?>
<!-- Generated by org.testng.reporters.JUnitReportReporter -->
<testsuite hostname="IslamAbdAlazezPC" failures="0" tests="1" name="com.google.login.DoLogIn2" time="10.171" errors="0" timestamp="16 Sep 2018 14:23:37 GMT" skipped="0">
  <testcase classname="com.google.login.DoLogIn2" name="openURL" time="10.171"/>
</testsuite> <!-- com.google.login.DoLogIn2 -->
