<?xml version="1.0" encoding="UTF-8"?>
<!-- Generated by org.testng.reporters.JUnitReportReporter -->
<testsuite hostname="IslamAbdAlazezPC" failures="0" tests="3" name="LinkedIn.profileEdit" time="55.203" errors="0" timestamp="05 Sep 2018 13:25:04 GMT" skipped="0">
  <testcase classname="LinkedIn.profileEdit" name="addIntroProfileSection" time="18.560"/>
  <testcase classname="LinkedIn.profileEdit" name="addBackgroundProfileSection" time="26.780"/>
  <testcase classname="LinkedIn.profileEdit" name="addSkillsProfileSection" time="9.863"/>
</testsuite> <!-- LinkedIn.profileEdit -->
