<?xml version="1.0" encoding="UTF-8"?>
<!-- Generated by org.testng.reporters.JUnitReportReporter -->
<testsuite hostname="DESKTOP-JA9GT58" failures="0" tests="1" name="LinkedIn.feedPage" time="26.945" errors="0" timestamp="31 Aug 2018 17:02:36 GMT" skipped="0">
  <testcase classname="LinkedIn.feedPage" name="openFeedPage" time="26.945"/>
</testsuite> <!-- LinkedIn.feedPage -->
