<?xml version="1.0" encoding="UTF-8"?>
<!-- Generated by org.testng.reporters.JUnitReportReporter -->
<testsuite hostname="DESKTOP-JA9GT58" failures="0" tests="2" name="LinkedIn.forgotPassword" time="283.832" errors="0" timestamp="31 Aug 2018 11:41:49 GMT" skipped="1">
  <testcase classname="LinkedIn.forgotPassword" name="successfulResetPassword" time="283.832"/>
  <testcase classname="LinkedIn.forgotPassword" name="notSuccessfulResetPassword">
    <skipped/>
  </testcase> <!-- notSuccessfulResetPassword -->
</testsuite> <!-- LinkedIn.forgotPassword -->
