<?xml version="1.0" encoding="UTF-8"?>
<!-- Generated by org.testng.reporters.JUnitReportReporter -->
<testsuite hostname="DESKTOP-JA9GT58" failures="0" tests="2" name="LinkedIn.logIn" time="29.985" errors="0" timestamp="29 Aug 2018 14:03:53 GMT" skipped="0">
  <testcase classname="LinkedIn.logIn" name="unSuccessfulUserLogIn" time="8.740"/>
  <testcase classname="LinkedIn.logIn" name="successfulUserLogIn" time="21.245"/>
</testsuite> <!-- LinkedIn.logIn -->
